max_size of vocab was specified as 10000; we now have 10000 words. Stopping reading.
Finished constructing vocabulary of 10000 total words. Last word added: f5
Loading Checkpoint:  /home/vitou/workspace/projects/scientific_paper_QG/models/scibert/logs/bert_lstm_001/checkpoint_51999
Weights Loaded
Writing line #1 to file ...
Writing line #2 to file ...
Writing line #3 to file ...
Writing line #4 to file ...
Writing line #5 to file ...
Writing line #6 to file ...
Writing line #7 to file ...
Writing line #8 to file ...
Writing line #9 to file ...
Writing line #10 to file ...
Writing line #11 to file ...
Writing line #12 to file ...
Writing line #13 to file ...
Writing line #14 to file ...
Writing line #15 to file ...
Writing line #16 to file ...
Writing line #17 to file ...
Writing line #18 to file ...
Writing line #19 to file ...
Writing line #20 to file ...
Writing line #21 to file ...
Writing line #22 to file ...
Writing line #23 to file ...
Writing line #24 to file ...
Writing line #25 to file ...
Writing line #26 to file ...
Writing line #27 to file ...
Writing line #28 to file ...
Writing line #29 to file ...
Writing line #30 to file ...
Writing line #31 to file ...
Writing line #32 to file ...
Writing line #33 to file ...
Writing line #34 to file ...
Writing line #35 to file ...
Writing line #36 to file ...
Writing line #37 to file ...
Writing line #38 to file ...
Writing line #39 to file ...
Writing line #40 to file ...
Writing line #41 to file ...
Writing line #42 to file ...
Writing line #43 to file ...
Writing line #44 to file ...
Writing line #45 to file ...
Writing line #46 to file ...
Writing line #47 to file ...
Writing line #48 to file ...
Writing line #49 to file ...
Writing line #50 to file ...
Writing line #51 to file ...
Writing line #52 to file ...
Writing line #53 to file ...
Writing line #54 to file ...
Writing line #55 to file ...
Writing line #56 to file ...
Writing line #57 to file ...
Writing line #58 to file ...
Writing line #59 to file ...
Writing line #60 to file ...
Writing line #61 to file ...
Writing line #62 to file ...
Writing line #63 to file ...
Writing line #64 to file ...
Writing line #65 to file ...
Writing line #66 to file ...
Writing line #67 to file ...
Writing line #68 to file ...
Writing line #69 to file ...
Writing line #70 to file ...
Writing line #71 to file ...
Writing line #72 to file ...
Writing line #73 to file ...
Writing line #74 to file ...
Writing line #75 to file ...
Writing line #76 to file ...
Writing line #77 to file ...
Writing line #78 to file ...
Writing line #79 to file ...
Writing line #80 to file ...
Writing line #81 to file ...
Writing line #82 to file ...
Writing line #83 to file ...
Writing line #84 to file ...
Writing line #85 to file ...
Writing line #86 to file ...
Writing line #87 to file ...
Writing line #88 to file ...
Writing line #89 to file ...
Writing line #90 to file ...
Writing line #91 to file ...
Writing line #92 to file ...
Writing line #93 to file ...
Writing line #94 to file ...
Writing line #95 to file ...
Writing line #96 to file ...
Writing line #97 to file ...
Writing line #98 to file ...
Writing line #99 to file ...
Writing line #100 to file ...
Writing line #101 to file ...
Writing line #102 to file ...
Writing line #103 to file ...
Writing line #104 to file ...
Writing line #105 to file ...
Writing line #106 to file ...
Writing line #107 to file ...
Writing line #108 to file ...
Writing line #109 to file ...
Writing line #110 to file ...
Writing line #111 to file ...
Writing line #112 to file ...
Writing line #113 to file ...
Writing line #114 to file ...
Writing line #115 to file ...
Writing line #116 to file ...
Writing line #117 to file ...
Writing line #118 to file ...
Writing line #119 to file ...
Writing line #120 to file ...
Writing line #121 to file ...
Writing line #122 to file ...
Writing line #123 to file ...
Writing line #124 to file ...
Writing line #125 to file ...
Writing line #126 to file ...
Writing line #127 to file ...
Writing line #128 to file ...
Writing line #129 to file ...
Writing line #130 to file ...
Writing line #131 to file ...
Writing line #132 to file ...
Writing line #133 to file ...
Writing line #134 to file ...
Writing line #135 to file ...
Writing line #136 to file ...
Writing line #137 to file ...
Writing line #138 to file ...
Writing line #139 to file ...
Writing line #140 to file ...
Writing line #141 to file ...
Writing line #142 to file ...
Writing line #143 to file ...
Writing line #144 to file ...
Writing line #145 to file ...
Writing line #146 to file ...
Writing line #147 to file ...
Writing line #148 to file ...
Writing line #149 to file ...
Writing line #150 to file ...
Writing line #151 to file ...
Writing line #152 to file ...
Writing line #153 to file ...
Writing line #154 to file ...
Writing line #155 to file ...
Writing line #156 to file ...
Writing line #157 to file ...
Writing line #158 to file ...
Writing line #159 to file ...
Writing line #160 to file ...
Writing line #161 to file ...
Writing line #162 to file ...
Writing line #163 to file ...
Writing line #164 to file ...
Writing line #165 to file ...
Writing line #166 to file ...
Writing line #167 to file ...
Writing line #168 to file ...
Writing line #169 to file ...
Writing line #170 to file ...
Writing line #171 to file ...
Writing line #172 to file ...
Writing line #173 to file ...
Writing line #174 to file ...
Writing line #175 to file ...
Writing line #176 to file ...
Writing line #177 to file ...
Writing line #178 to file ...
Writing line #179 to file ...
Writing line #180 to file ...
Writing line #181 to file ...
Writing line #182 to file ...
Writing line #183 to file ...
Writing line #184 to file ...
Writing line #185 to file ...
Writing line #186 to file ...
Writing line #187 to file ...
Writing line #188 to file ...
Writing line #189 to file ...
Writing line #190 to file ...
Writing line #191 to file ...
Writing line #192 to file ...
Writing line #193 to file ...
Writing line #194 to file ...
Writing line #195 to file ...
Writing line #196 to file ...
Writing line #197 to file ...
Writing line #198 to file ...
Writing line #199 to file ...
Writing line #200 to file ...
Writing line #201 to file ...
Writing line #202 to file ...
Writing line #203 to file ...
Writing line #204 to file ...
Writing line #205 to file ...
Writing line #206 to file ...
Writing line #207 to file ...
Writing line #208 to file ...
Writing line #209 to file ...
Writing line #210 to file ...
Writing line #211 to file ...
Writing line #212 to file ...
Writing line #213 to file ...
Writing line #214 to file ...
Writing line #215 to file ...
Writing line #216 to file ...
Writing line #217 to file ...
Writing line #218 to file ...
Writing line #219 to file ...
Writing line #220 to file ...
Writing line #221 to file ...
Writing line #222 to file ...
Writing line #223 to file ...
Writing line #224 to file ...
Writing line #225 to file ...
Writing line #226 to file ...
Writing line #227 to file ...
Writing line #228 to file ...
Writing line #229 to file ...
Writing line #230 to file ...
Writing line #231 to file ...
Writing line #232 to file ...
Writing line #233 to file ...
Writing line #234 to file ...
Writing line #235 to file ...
Writing line #236 to file ...
Writing line #237 to file ...
Writing line #238 to file ...
Writing line #239 to file ...
Writing line #240 to file ...
Writing line #241 to file ...
Writing line #242 to file ...
Writing line #243 to file ...
Writing line #244 to file ...
Writing line #245 to file ...
Writing line #246 to file ...
Writing line #247 to file ...
Writing line #248 to file ...
Writing line #249 to file ...
Writing line #250 to file ...
Writing line #251 to file ...
Writing line #252 to file ...
Writing line #253 to file ...
Writing line #254 to file ...
Writing line #255 to file ...
Writing line #256 to file ...
Writing line #257 to file ...
Writing line #258 to file ...
Writing line #259 to file ...
Writing line #260 to file ...
Writing line #261 to file ...
Writing line #262 to file ...
Writing line #263 to file ...
Writing line #264 to file ...
Writing line #265 to file ...
Writing line #266 to file ...
Writing line #267 to file ...
Writing line #268 to file ...
Writing line #269 to file ...
Writing line #270 to file ...
Writing line #271 to file ...
Writing line #272 to file ...
Writing line #273 to file ...
Writing line #274 to file ...
Writing line #275 to file ...
Writing line #276 to file ...
Writing line #277 to file ...
Writing line #278 to file ...
Writing line #279 to file ...
Writing line #280 to file ...
Writing line #281 to file ...
Writing line #282 to file ...
Writing line #283 to file ...
Writing line #284 to file ...
Writing line #285 to file ...
Writing line #286 to file ...
Writing line #287 to file ...
Writing line #288 to file ...
Writing line #289 to file ...
Writing line #290 to file ...
Writing line #291 to file ...
Writing line #292 to file ...
Writing line #293 to file ...
Writing line #294 to file ...
Writing line #295 to file ...
Writing line #296 to file ...
Writing line #297 to file ...
Writing line #298 to file ...
Writing line #299 to file ...
Writing line #300 to file ...
Writing line #301 to file ...
Writing line #302 to file ...
Writing line #303 to file ...
Writing line #304 to file ...
Writing line #305 to file ...
Writing line #306 to file ...
Writing line #307 to file ...
Writing line #308 to file ...
Writing line #309 to file ...
Writing line #310 to file ...
Writing line #311 to file ...
Writing line #312 to file ...
Writing line #313 to file ...
Writing line #314 to file ...
Writing line #315 to file ...
Writing line #316 to file ...
Writing line #317 to file ...
Writing line #318 to file ...
Writing line #319 to file ...
Writing line #320 to file ...
Writing line #321 to file ...
Writing line #322 to file ...
Writing line #323 to file ...
Writing line #324 to file ...
Writing line #325 to file ...
Writing line #326 to file ...
Writing line #327 to file ...
Writing line #328 to file ...
Writing line #329 to file ...
Writing line #330 to file ...
Writing line #331 to file ...
Writing line #332 to file ...
Writing line #333 to file ...
Writing line #334 to file ...
Writing line #335 to file ...
Writing line #336 to file ...
Writing line #337 to file ...
Writing line #338 to file ...
Writing line #339 to file ...
Writing line #340 to file ...
Writing line #341 to file ...
Writing line #342 to file ...
Writing line #343 to file ...
Writing line #344 to file ...
Writing line #345 to file ...
Writing line #346 to file ...
Writing line #347 to file ...
Writing line #348 to file ...
Writing line #349 to file ...
Writing line #350 to file ...
Writing line #351 to file ...
Writing line #352 to file ...
Writing line #353 to file ...
Writing line #354 to file ...
Writing line #355 to file ...
Writing line #356 to file ...
Writing line #357 to file ...
Writing line #358 to file ...
Writing line #359 to file ...
Writing line #360 to file ...
Writing line #361 to file ...
Writing line #362 to file ...
Writing line #363 to file ...
Writing line #364 to file ...
Writing line #365 to file ...
Writing line #366 to file ...
Writing line #367 to file ...
Writing line #368 to file ...
Writing line #369 to file ...
Writing line #370 to file ...
Writing line #371 to file ...
Writing line #372 to file ...
Writing line #373 to file ...
Writing line #374 to file ...
Writing line #375 to file ...
Writing line #376 to file ...
Writing line #377 to file ...
Writing line #378 to file ...
Writing line #379 to file ...
Writing line #380 to file ...
Writing line #381 to file ...
Writing line #382 to file ...
Writing line #383 to file ...
Writing line #384 to file ...
Writing line #385 to file ...
Writing line #386 to file ...
Writing line #387 to file ...
Writing line #388 to file ...
Writing line #389 to file ...
Writing line #390 to file ...
Writing line #391 to file ...
Writing line #392 to file ...
Writing line #393 to file ...
Writing line #394 to file ...
Writing line #395 to file ...
Writing line #396 to file ...
Writing line #397 to file ...
Writing line #398 to file ...
Writing line #399 to file ...
Writing line #400 to file ...
Writing line #401 to file ...
Writing line #402 to file ...
Writing line #403 to file ...
Writing line #404 to file ...
Writing line #405 to file ...
Writing line #406 to file ...
Writing line #407 to file ...
Writing line #408 to file ...
Writing line #409 to file ...
Writing line #410 to file ...
Writing line #411 to file ...
Writing line #412 to file ...
Writing line #413 to file ...
Writing line #414 to file ...
Writing line #415 to file ...
Writing line #416 to file ...
Writing line #417 to file ...
Writing line #418 to file ...
Writing line #419 to file ...
Writing line #420 to file ...
Writing line #421 to file ...
Writing line #422 to file ...
Writing line #423 to file ...
Writing line #424 to file ...
Writing line #425 to file ...
Writing line #426 to file ...
Writing line #427 to file ...
Writing line #428 to file ...
Writing line #429 to file ...
Writing line #430 to file ...
Writing line #431 to file ...
Writing line #432 to file ...
Writing line #433 to file ...
Writing line #434 to file ...
Writing line #435 to file ...
Writing line #436 to file ...
Writing line #437 to file ...
Writing line #438 to file ...
Writing line #439 to file ...
Writing line #440 to file ...
Writing line #441 to file ...
Writing line #442 to file ...
Writing line #443 to file ...
Writing line #444 to file ...
Writing line #445 to file ...
Writing line #446 to file ...
Writing line #447 to file ...
Writing line #448 to file ...
Writing line #449 to file ...
Writing line #450 to file ...
Writing line #451 to file ...
Writing line #452 to file ...
Writing line #453 to file ...
Writing line #454 to file ...
Writing line #455 to file ...
Writing line #456 to file ...
Writing line #457 to file ...
Writing line #458 to file ...
Writing line #459 to file ...
Writing line #460 to file ...
Writing line #461 to file ...
Writing line #462 to file ...
Writing line #463 to file ...
Writing line #464 to file ...
Writing line #465 to file ...
Writing line #466 to file ...
Writing line #467 to file ...
Writing line #468 to file ...
Writing line #469 to file ...
Writing line #470 to file ...
Writing line #471 to file ...
Writing line #472 to file ...
Writing line #473 to file ...
Writing line #474 to file ...
Writing line #475 to file ...
Writing line #476 to file ...
Writing line #477 to file ...
Writing line #478 to file ...
Writing line #479 to file ...
Writing line #480 to file ...
Writing line #481 to file ...
Writing line #482 to file ...
Writing line #483 to file ...
Writing line #484 to file ...
Writing line #485 to file ...
Writing line #486 to file ...
Writing line #487 to file ...
Writing line #488 to file ...
Writing line #489 to file ...
Writing line #490 to file ...
Writing line #491 to file ...
Writing line #492 to file ...
Writing line #493 to file ...
Writing line #494 to file ...
Writing line #495 to file ...
Writing line #496 to file ...
Writing line #497 to file ...
Writing line #498 to file ...
Writing line #499 to file ...
Writing line #500 to file ...
Writing line #501 to file ...
Writing line #502 to file ...
Writing line #503 to file ...
Writing line #504 to file ...
Writing line #505 to file ...
Writing line #506 to file ...
Writing line #507 to file ...
Writing line #508 to file ...
Writing line #509 to file ...
Writing line #510 to file ...
Writing line #511 to file ...
Writing line #512 to file ...
Writing line #513 to file ...
Writing line #514 to file ...
Writing line #515 to file ...
Writing line #516 to file ...
Writing line #517 to file ...
Writing line #518 to file ...
Writing line #519 to file ...
Writing line #520 to file ...
Writing line #521 to file ...
Writing line #522 to file ...
Writing line #523 to file ...
Writing line #524 to file ...
Writing line #525 to file ...
Writing line #526 to file ...
Writing line #527 to file ...
Writing line #528 to file ...
Writing line #529 to file ...
Writing line #530 to file ...
Writing line #531 to file ...
Writing line #532 to file ...
Writing line #533 to file ...
Writing line #534 to file ...
Writing line #535 to file ...
Writing line #536 to file ...
Writing line #537 to file ...
Writing line #538 to file ...
Writing line #539 to file ...
Writing line #540 to file ...
Writing line #541 to file ...
Writing line #542 to file ...
Writing line #543 to file ...
Writing line #544 to file ...
Writing line #545 to file ...
Writing line #546 to file ...
Writing line #547 to file ...
Writing line #548 to file ...
Writing line #549 to file ...
Writing line #550 to file ...
Writing line #551 to file ...
Writing line #552 to file ...
Writing line #553 to file ...
Writing line #554 to file ...
Writing line #555 to file ...
Writing line #556 to file ...
Writing line #557 to file ...
Writing line #558 to file ...
Writing line #559 to file ...
Writing line #560 to file ...
Writing line #561 to file ...
Writing line #562 to file ...
Writing line #563 to file ...
Writing line #564 to file ...
Writing line #565 to file ...
Writing line #566 to file ...
Writing line #567 to file ...
Writing line #568 to file ...
Writing line #569 to file ...
Writing line #570 to file ...
Writing line #571 to file ...
Writing line #572 to file ...
Writing line #573 to file ...
Writing line #574 to file ...
Writing line #575 to file ...
Writing line #576 to file ...
Writing line #577 to file ...
Writing line #578 to file ...
Writing line #579 to file ...
Writing line #580 to file ...
Writing line #581 to file ...
Writing line #582 to file ...
Writing line #583 to file ...
Writing line #584 to file ...
Writing line #585 to file ...
Writing line #586 to file ...
Writing line #587 to file ...
Writing line #588 to file ...
Writing line #589 to file ...
Writing line #590 to file ...
Writing line #591 to file ...
Writing line #592 to file ...
Writing line #593 to file ...
Writing line #594 to file ...
Writing line #595 to file ...
Writing line #596 to file ...
Writing line #597 to file ...
Writing line #598 to file ...
Writing line #599 to file ...
Writing line #600 to file ...
Writing line #601 to file ...
Writing line #602 to file ...
Writing line #603 to file ...
Writing line #604 to file ...
Writing line #605 to file ...
Writing line #606 to file ...
Writing line #607 to file ...
Writing line #608 to file ...
Writing line #609 to file ...
Writing line #610 to file ...
Writing line #611 to file ...
Writing line #612 to file ...
Writing line #613 to file ...
Writing line #614 to file ...
Writing line #615 to file ...
Writing line #616 to file ...
Writing line #617 to file ...
Writing line #618 to file ...
Writing line #619 to file ...
Writing line #620 to file ...
Writing line #621 to file ...
Writing line #622 to file ...
Writing line #623 to file ...
Writing line #624 to file ...
Writing line #625 to file ...
Writing line #626 to file ...
Writing line #627 to file ...
Writing line #628 to file ...
Writing line #629 to file ...
Writing line #630 to file ...
Writing line #631 to file ...
Writing line #632 to file ...
Writing line #633 to file ...
Writing line #634 to file ...
Writing line #635 to file ...
Writing line #636 to file ...
Writing line #637 to file ...
Writing line #638 to file ...
Writing line #639 to file ...
Writing line #640 to file ...
Writing line #641 to file ...
Writing line #642 to file ...
Writing line #643 to file ...
Writing line #644 to file ...
Writing line #645 to file ...
Writing line #646 to file ...
Writing line #647 to file ...
Writing line #648 to file ...
Writing line #649 to file ...
Writing line #650 to file ...
Writing line #651 to file ...
Writing line #652 to file ...
Writing line #653 to file ...
Writing line #654 to file ...
Writing line #655 to file ...
Writing line #656 to file ...
Writing line #657 to file ...
Writing line #658 to file ...
Writing line #659 to file ...
Writing line #660 to file ...
Writing line #661 to file ...
Writing line #662 to file ...
Writing line #663 to file ...
Writing line #664 to file ...
Writing line #665 to file ...
Writing line #666 to file ...
Writing line #667 to file ...
Writing line #668 to file ...
Writing line #669 to file ...
Writing line #670 to file ...
Writing line #671 to file ...
Writing line #672 to file ...
Writing line #673 to file ...
Writing line #674 to file ...
Writing line #675 to file ...
Writing line #676 to file ...
Writing line #677 to file ...
Writing line #678 to file ...
Writing line #679 to file ...
Writing line #680 to file ...
Writing line #681 to file ...
Writing line #682 to file ...
Writing line #683 to file ...
Writing line #684 to file ...
Writing line #685 to file ...
Writing line #686 to file ...
Writing line #687 to file ...
Writing line #688 to file ...
Writing line #689 to file ...
Writing line #690 to file ...
Writing line #691 to file ...
Writing line #692 to file ...
Writing line #693 to file ...
Writing line #694 to file ...
Writing line #695 to file ...
Writing line #696 to file ...
Writing line #697 to file ...
Writing line #698 to file ...
Writing line #699 to file ...
Writing line #700 to file ...
Writing line #701 to file ...
Writing line #702 to file ...
Writing line #703 to file ...
Writing line #704 to file ...
Writing line #705 to file ...
Writing line #706 to file ...
Writing line #707 to file ...
Writing line #708 to file ...
Writing line #709 to file ...
Writing line #710 to file ...
Writing line #711 to file ...
Writing line #712 to file ...
Writing line #713 to file ...
Writing line #714 to file ...
Writing line #715 to file ...
Writing line #716 to file ...
Writing line #717 to file ...
Writing line #718 to file ...
Writing line #719 to file ...
Writing line #720 to file ...
Writing line #721 to file ...
Writing line #722 to file ...
Writing line #723 to file ...
Writing line #724 to file ...
Writing line #725 to file ...
Writing line #726 to file ...
Writing line #727 to file ...
Writing line #728 to file ...
Writing line #729 to file ...
Writing line #730 to file ...
Writing line #731 to file ...
Writing line #732 to file ...
Writing line #733 to file ...
Writing line #734 to file ...
Writing line #735 to file ...
Writing line #736 to file ...
Writing line #737 to file ...
Writing line #738 to file ...
Writing line #739 to file ...
Writing line #740 to file ...
Writing line #741 to file ...
Writing line #742 to file ...
Writing line #743 to file ...
Writing line #744 to file ...
Writing line #745 to file ...
Writing line #746 to file ...
Writing line #747 to file ...
Writing line #748 to file ...
Writing line #749 to file ...
Writing line #750 to file ...
Writing line #751 to file ...
Writing line #752 to file ...
Writing line #753 to file ...
Writing line #754 to file ...
Writing line #755 to file ...
Writing line #756 to file ...
Writing line #757 to file ...
Writing line #758 to file ...
Writing line #759 to file ...
Writing line #760 to file ...
Writing line #761 to file ...
Writing line #762 to file ...
Writing line #763 to file ...
Writing line #764 to file ...
Writing line #765 to file ...
Writing line #766 to file ...
Writing line #767 to file ...
