max_size of vocab was specified as 10000; we now have 10000 words. Stopping reading.
Finished constructing vocabulary of 10000 total words. Last word added: f5
Loading Checkpoint:  /home/vitou/workspace/projects/scientific_paper_QG/models/scibert/logs/bert_lstm_001/checkpoint_51999
Weights Loaded
Writing line #1 to file ...
Writing line #2 to file ...
Writing line #3 to file ...
Writing line #4 to file ...
Writing line #5 to file ...
Writing line #6 to file ...
Writing line #7 to file ...
Writing line #8 to file ...
Writing line #9 to file ...
Writing line #10 to file ...
Writing line #11 to file ...
Writing line #12 to file ...
Writing line #13 to file ...
Writing line #14 to file ...
Writing line #15 to file ...
Writing line #16 to file ...
Writing line #17 to file ...
Writing line #18 to file ...
Writing line #19 to file ...
Writing line #20 to file ...
Writing line #21 to file ...
Writing line #22 to file ...
Writing line #23 to file ...
Writing line #24 to file ...
Writing line #25 to file ...
Writing line #26 to file ...
Writing line #27 to file ...
Writing line #28 to file ...
Writing line #29 to file ...
Writing line #30 to file ...
Writing line #31 to file ...
Writing line #32 to file ...
Writing line #33 to file ...
Writing line #34 to file ...
Writing line #35 to file ...
Writing line #36 to file ...
Writing line #37 to file ...
Writing line #38 to file ...
Writing line #39 to file ...
Writing line #40 to file ...
Writing line #41 to file ...
Writing line #42 to file ...
Writing line #43 to file ...
Writing line #44 to file ...
Writing line #45 to file ...
Writing line #46 to file ...
Writing line #47 to file ...
Writing line #48 to file ...
Writing line #49 to file ...
Writing line #50 to file ...
Writing line #51 to file ...
Writing line #52 to file ...
Writing line #53 to file ...
Writing line #54 to file ...
Writing line #55 to file ...
Writing line #56 to file ...
Writing line #57 to file ...
Writing line #58 to file ...
Writing line #59 to file ...
Writing line #60 to file ...
Writing line #61 to file ...
Writing line #62 to file ...
Writing line #63 to file ...
Writing line #64 to file ...
Writing line #65 to file ...
Writing line #66 to file ...
Writing line #67 to file ...
Writing line #68 to file ...
Writing line #69 to file ...
Writing line #70 to file ...
Writing line #71 to file ...
Writing line #72 to file ...
Writing line #73 to file ...
Writing line #74 to file ...
Writing line #75 to file ...
Writing line #76 to file ...
Writing line #77 to file ...
Writing line #78 to file ...
Writing line #79 to file ...
Writing line #80 to file ...
Writing line #81 to file ...
Writing line #82 to file ...
Writing line #83 to file ...
Writing line #84 to file ...
Writing line #85 to file ...
Writing line #86 to file ...
Writing line #87 to file ...
Writing line #88 to file ...
Writing line #89 to file ...
Writing line #90 to file ...
Writing line #91 to file ...
Writing line #92 to file ...
Writing line #93 to file ...
Writing line #94 to file ...
Writing line #95 to file ...
Writing line #96 to file ...
Writing line #97 to file ...
Writing line #98 to file ...
Writing line #99 to file ...
Writing line #100 to file ...
Writing line #101 to file ...
Writing line #102 to file ...
Writing line #103 to file ...
Writing line #104 to file ...
Writing line #105 to file ...
Writing line #106 to file ...
Writing line #107 to file ...
Writing line #108 to file ...
Writing line #109 to file ...
Writing line #110 to file ...
Writing line #111 to file ...
Writing line #112 to file ...
Writing line #113 to file ...
Writing line #114 to file ...
Writing line #115 to file ...
Writing line #116 to file ...
Writing line #117 to file ...
Writing line #118 to file ...
Writing line #119 to file ...
Writing line #120 to file ...
Writing line #121 to file ...
Writing line #122 to file ...
Writing line #123 to file ...
Writing line #124 to file ...
Writing line #125 to file ...
Writing line #126 to file ...
Writing line #127 to file ...
Writing line #128 to file ...
Writing line #129 to file ...
Writing line #130 to file ...
Writing line #131 to file ...
Writing line #132 to file ...
Writing line #133 to file ...
Writing line #134 to file ...
Writing line #135 to file ...
Writing line #136 to file ...
Writing line #137 to file ...
Writing line #138 to file ...
Writing line #139 to file ...
Writing line #140 to file ...
Writing line #141 to file ...
Writing line #142 to file ...
Writing line #143 to file ...
Writing line #144 to file ...
Writing line #145 to file ...
Writing line #146 to file ...
Writing line #147 to file ...
Writing line #148 to file ...
Writing line #149 to file ...
Writing line #150 to file ...
Writing line #151 to file ...
Writing line #152 to file ...
Writing line #153 to file ...
Writing line #154 to file ...
Writing line #155 to file ...
Writing line #156 to file ...
Writing line #157 to file ...
Writing line #158 to file ...
Writing line #159 to file ...
Writing line #160 to file ...
Writing line #161 to file ...
Writing line #162 to file ...
Writing line #163 to file ...
Writing line #164 to file ...
Writing line #165 to file ...
Writing line #166 to file ...
Writing line #167 to file ...
Writing line #168 to file ...
Writing line #169 to file ...
Writing line #170 to file ...
Writing line #171 to file ...
Writing line #172 to file ...
Writing line #173 to file ...
Writing line #174 to file ...
Writing line #175 to file ...
Writing line #176 to file ...
Writing line #177 to file ...
Writing line #178 to file ...
Writing line #179 to file ...
Writing line #180 to file ...
Writing line #181 to file ...
Writing line #182 to file ...
Writing line #183 to file ...
Writing line #184 to file ...
Writing line #185 to file ...
Writing line #186 to file ...
Writing line #187 to file ...
Writing line #188 to file ...
Writing line #189 to file ...
Writing line #190 to file ...
Writing line #191 to file ...
Writing line #192 to file ...
Writing line #193 to file ...
Writing line #194 to file ...
Writing line #195 to file ...
Writing line #196 to file ...
Writing line #197 to file ...
Writing line #198 to file ...
Writing line #199 to file ...
Writing line #200 to file ...
Writing line #201 to file ...
Writing line #202 to file ...
Writing line #203 to file ...
Writing line #204 to file ...
Writing line #205 to file ...
Writing line #206 to file ...
Writing line #207 to file ...
Writing line #208 to file ...
Writing line #209 to file ...
Writing line #210 to file ...
Writing line #211 to file ...
Writing line #212 to file ...
Writing line #213 to file ...
Writing line #214 to file ...
Writing line #215 to file ...
Writing line #216 to file ...
Writing line #217 to file ...
Writing line #218 to file ...
Writing line #219 to file ...
Writing line #220 to file ...
Writing line #221 to file ...
Writing line #222 to file ...
Writing line #223 to file ...
Writing line #224 to file ...
Writing line #225 to file ...
Writing line #226 to file ...
Writing line #227 to file ...
Writing line #228 to file ...
Writing line #229 to file ...
Writing line #230 to file ...
Writing line #231 to file ...
Writing line #232 to file ...
Writing line #233 to file ...
Writing line #234 to file ...
Writing line #235 to file ...
Writing line #236 to file ...
Writing line #237 to file ...
Writing line #238 to file ...
Writing line #239 to file ...
Writing line #240 to file ...
Writing line #241 to file ...
Writing line #242 to file ...
Writing line #243 to file ...
Writing line #244 to file ...
Writing line #245 to file ...
Writing line #246 to file ...
Writing line #247 to file ...
Writing line #248 to file ...
Writing line #249 to file ...
Writing line #250 to file ...
Writing line #251 to file ...
Writing line #252 to file ...
Writing line #253 to file ...
Writing line #254 to file ...
Writing line #255 to file ...
Writing line #256 to file ...
Writing line #257 to file ...
Writing line #258 to file ...
Writing line #259 to file ...
Writing line #260 to file ...
Writing line #261 to file ...
Writing line #262 to file ...
Writing line #263 to file ...
Writing line #264 to file ...
Writing line #265 to file ...
Writing line #266 to file ...
Writing line #267 to file ...
Writing line #268 to file ...
Writing line #269 to file ...
Writing line #270 to file ...
Writing line #271 to file ...
Writing line #272 to file ...
Writing line #273 to file ...
Writing line #274 to file ...
Writing line #275 to file ...
Writing line #276 to file ...
Writing line #277 to file ...
Writing line #278 to file ...
Writing line #279 to file ...
Writing line #280 to file ...
Writing line #281 to file ...
Writing line #282 to file ...
Writing line #283 to file ...
Writing line #284 to file ...
Writing line #285 to file ...
Writing line #286 to file ...
Writing line #287 to file ...
Writing line #288 to file ...
Writing line #289 to file ...
Writing line #290 to file ...
Writing line #291 to file ...
Writing line #292 to file ...
Writing line #293 to file ...
Writing line #294 to file ...
Writing line #295 to file ...
Writing line #296 to file ...
Writing line #297 to file ...
Writing line #298 to file ...
Writing line #299 to file ...
Writing line #300 to file ...
Writing line #301 to file ...
Writing line #302 to file ...
Writing line #303 to file ...
Writing line #304 to file ...
Writing line #305 to file ...
Writing line #306 to file ...
Writing line #307 to file ...
Writing line #308 to file ...
Writing line #309 to file ...
Writing line #310 to file ...
Writing line #311 to file ...
Writing line #312 to file ...
Writing line #313 to file ...
Writing line #314 to file ...
Writing line #315 to file ...
Writing line #316 to file ...
Writing line #317 to file ...
Writing line #318 to file ...
Writing line #319 to file ...
Writing line #320 to file ...
Writing line #321 to file ...
Writing line #322 to file ...
Writing line #323 to file ...
Writing line #324 to file ...
Writing line #325 to file ...
Writing line #326 to file ...
Writing line #327 to file ...
Writing line #328 to file ...
Writing line #329 to file ...
Writing line #330 to file ...
Writing line #331 to file ...
Writing line #332 to file ...
Writing line #333 to file ...
Writing line #334 to file ...
Writing line #335 to file ...
Writing line #336 to file ...
Writing line #337 to file ...
Writing line #338 to file ...
Writing line #339 to file ...
Writing line #340 to file ...
Writing line #341 to file ...
Writing line #342 to file ...
Writing line #343 to file ...
Writing line #344 to file ...
Writing line #345 to file ...
Writing line #346 to file ...
Writing line #347 to file ...
Writing line #348 to file ...
Writing line #349 to file ...
Writing line #350 to file ...
Writing line #351 to file ...
Writing line #352 to file ...
Writing line #353 to file ...
Writing line #354 to file ...
Writing line #355 to file ...
Writing line #356 to file ...
Writing line #357 to file ...
Writing line #358 to file ...
Writing line #359 to file ...
Writing line #360 to file ...
Writing line #361 to file ...
Writing line #362 to file ...
Writing line #363 to file ...
Writing line #364 to file ...
Writing line #365 to file ...
Writing line #366 to file ...
Writing line #367 to file ...
Writing line #368 to file ...
Writing line #369 to file ...
Writing line #370 to file ...
Writing line #371 to file ...
Writing line #372 to file ...
Writing line #373 to file ...
Writing line #374 to file ...
Writing line #375 to file ...
Writing line #376 to file ...
Writing line #377 to file ...
Writing line #378 to file ...
Writing line #379 to file ...
Writing line #380 to file ...
Writing line #381 to file ...
Writing line #382 to file ...
Writing line #383 to file ...
Writing line #384 to file ...
Writing line #385 to file ...
Writing line #386 to file ...
Writing line #387 to file ...
Writing line #388 to file ...
Writing line #389 to file ...
Writing line #390 to file ...
Writing line #391 to file ...
Writing line #392 to file ...
Writing line #393 to file ...
Writing line #394 to file ...
Writing line #395 to file ...
Writing line #396 to file ...
Writing line #397 to file ...
Writing line #398 to file ...
Writing line #399 to file ...
Writing line #400 to file ...
Writing line #401 to file ...
Writing line #402 to file ...
Writing line #403 to file ...
Writing line #404 to file ...
Writing line #405 to file ...
Writing line #406 to file ...
Writing line #407 to file ...
Writing line #408 to file ...
Writing line #409 to file ...
Writing line #410 to file ...
Writing line #411 to file ...
Writing line #412 to file ...
Writing line #413 to file ...
Writing line #414 to file ...
Writing line #415 to file ...
Writing line #416 to file ...
Writing line #417 to file ...
Writing line #418 to file ...
Writing line #419 to file ...
Writing line #420 to file ...
Writing line #421 to file ...
Writing line #422 to file ...
Writing line #423 to file ...
Writing line #424 to file ...
Writing line #425 to file ...
Writing line #426 to file ...
Writing line #427 to file ...
Writing line #428 to file ...
Writing line #429 to file ...
Writing line #430 to file ...
Writing line #431 to file ...
Writing line #432 to file ...
Writing line #433 to file ...
Writing line #434 to file ...
Writing line #435 to file ...
Writing line #436 to file ...
Writing line #437 to file ...
Writing line #438 to file ...
Writing line #439 to file ...
Writing line #440 to file ...
Writing line #441 to file ...
Writing line #442 to file ...
Writing line #443 to file ...
Writing line #444 to file ...
Writing line #445 to file ...
Writing line #446 to file ...
Writing line #447 to file ...
Writing line #448 to file ...
Writing line #449 to file ...
Writing line #450 to file ...
Writing line #451 to file ...
Writing line #452 to file ...
Writing line #453 to file ...
Writing line #454 to file ...
Writing line #455 to file ...
Writing line #456 to file ...
Writing line #457 to file ...
Writing line #458 to file ...
Writing line #459 to file ...
Writing line #460 to file ...
Writing line #461 to file ...
Writing line #462 to file ...
Writing line #463 to file ...
Writing line #464 to file ...
Writing line #465 to file ...
Writing line #466 to file ...
Writing line #467 to file ...
Writing line #468 to file ...
Writing line #469 to file ...
Writing line #470 to file ...
Writing line #471 to file ...
Writing line #472 to file ...
Writing line #473 to file ...
Writing line #474 to file ...
Writing line #475 to file ...
Writing line #476 to file ...
Writing line #477 to file ...
Writing line #478 to file ...
Writing line #479 to file ...
Writing line #480 to file ...
Writing line #481 to file ...
Writing line #482 to file ...
Writing line #483 to file ...
Writing line #484 to file ...
Writing line #485 to file ...
Writing line #486 to file ...
Writing line #487 to file ...
Writing line #488 to file ...
Writing line #489 to file ...
Writing line #490 to file ...
Writing line #491 to file ...
Writing line #492 to file ...
Writing line #493 to file ...
Writing line #494 to file ...
Writing line #495 to file ...
Writing line #496 to file ...
Writing line #497 to file ...
Writing line #498 to file ...
Writing line #499 to file ...
Writing line #500 to file ...
Writing line #501 to file ...
Writing line #502 to file ...
Writing line #503 to file ...
Writing line #504 to file ...
Writing line #505 to file ...
Writing line #506 to file ...
Writing line #507 to file ...
Writing line #508 to file ...
Writing line #509 to file ...
Writing line #510 to file ...
Writing line #511 to file ...
Writing line #512 to file ...
Writing line #513 to file ...
Writing line #514 to file ...
Writing line #515 to file ...
Writing line #516 to file ...
Writing line #517 to file ...
Writing line #518 to file ...
Writing line #519 to file ...
Writing line #520 to file ...
Writing line #521 to file ...
Writing line #522 to file ...
Writing line #523 to file ...
Writing line #524 to file ...
Writing line #525 to file ...
Writing line #526 to file ...
Writing line #527 to file ...
Writing line #528 to file ...
Writing line #529 to file ...
Writing line #530 to file ...
Writing line #531 to file ...
Writing line #532 to file ...
Writing line #533 to file ...
Writing line #534 to file ...
Writing line #535 to file ...
Writing line #536 to file ...
Writing line #537 to file ...
Writing line #538 to file ...
Writing line #539 to file ...
Writing line #540 to file ...
Writing line #541 to file ...
Writing line #542 to file ...
Writing line #543 to file ...
Writing line #544 to file ...
Writing line #545 to file ...
Writing line #546 to file ...
Writing line #547 to file ...
Writing line #548 to file ...
Writing line #549 to file ...
Writing line #550 to file ...
Writing line #551 to file ...
Writing line #552 to file ...
Writing line #553 to file ...
Writing line #554 to file ...
Writing line #555 to file ...
Writing line #556 to file ...
Writing line #557 to file ...
Writing line #558 to file ...
Writing line #559 to file ...
Writing line #560 to file ...
Writing line #561 to file ...
Writing line #562 to file ...
Writing line #563 to file ...
Writing line #564 to file ...
Writing line #565 to file ...
Writing line #566 to file ...
Writing line #567 to file ...
Writing line #568 to file ...
Writing line #569 to file ...
Writing line #570 to file ...
Writing line #571 to file ...
Writing line #572 to file ...
Writing line #573 to file ...
Writing line #574 to file ...
Writing line #575 to file ...
Writing line #576 to file ...
Writing line #577 to file ...
Writing line #578 to file ...
Writing line #579 to file ...
Writing line #580 to file ...
Writing line #581 to file ...
Writing line #582 to file ...
Writing line #583 to file ...
Writing line #584 to file ...
Writing line #585 to file ...
Writing line #586 to file ...
Writing line #587 to file ...
Writing line #588 to file ...
Writing line #589 to file ...
Writing line #590 to file ...
Writing line #591 to file ...
Writing line #592 to file ...
Writing line #593 to file ...
Writing line #594 to file ...
Writing line #595 to file ...
Writing line #596 to file ...
Writing line #597 to file ...
Writing line #598 to file ...
Writing line #599 to file ...
Writing line #600 to file ...
Writing line #601 to file ...
Writing line #602 to file ...
Writing line #603 to file ...
Writing line #604 to file ...
Writing line #605 to file ...
Writing line #606 to file ...
Writing line #607 to file ...
Writing line #608 to file ...
Writing line #609 to file ...
Writing line #610 to file ...
Writing line #611 to file ...
Writing line #612 to file ...
Writing line #613 to file ...
Writing line #614 to file ...
Writing line #615 to file ...
Writing line #616 to file ...
Writing line #617 to file ...
Writing line #618 to file ...
Writing line #619 to file ...
Writing line #620 to file ...
Writing line #621 to file ...
Writing line #622 to file ...
Writing line #623 to file ...
Writing line #624 to file ...
Writing line #625 to file ...
Writing line #626 to file ...
Writing line #627 to file ...
Writing line #628 to file ...
Writing line #629 to file ...
Writing line #630 to file ...
Writing line #631 to file ...
Writing line #632 to file ...
Writing line #633 to file ...
Writing line #634 to file ...
Writing line #635 to file ...
Writing line #636 to file ...
Writing line #637 to file ...
Writing line #638 to file ...
Writing line #639 to file ...
Writing line #640 to file ...
Writing line #641 to file ...
Writing line #642 to file ...
Writing line #643 to file ...
Writing line #644 to file ...
Writing line #645 to file ...
Writing line #646 to file ...
Writing line #647 to file ...
Writing line #648 to file ...
Writing line #649 to file ...
Writing line #650 to file ...
Writing line #651 to file ...
Writing line #652 to file ...
Writing line #653 to file ...
Writing line #654 to file ...
Writing line #655 to file ...
Writing line #656 to file ...
Writing line #657 to file ...
Writing line #658 to file ...
Writing line #659 to file ...
Writing line #660 to file ...
Writing line #661 to file ...
Writing line #662 to file ...
Writing line #663 to file ...
Writing line #664 to file ...
Writing line #665 to file ...
Writing line #666 to file ...
Writing line #667 to file ...
Writing line #668 to file ...
Writing line #669 to file ...
Writing line #670 to file ...
Writing line #671 to file ...
Writing line #672 to file ...
Writing line #673 to file ...
Writing line #674 to file ...
Writing line #675 to file ...
Writing line #676 to file ...
Writing line #677 to file ...
Writing line #678 to file ...
Writing line #679 to file ...
Writing line #680 to file ...
Writing line #681 to file ...
Writing line #682 to file ...
Writing line #683 to file ...
Writing line #684 to file ...
Writing line #685 to file ...
Writing line #686 to file ...
Writing line #687 to file ...
Writing line #688 to file ...
Writing line #689 to file ...
Writing line #690 to file ...
Writing line #691 to file ...
Writing line #692 to file ...
Writing line #693 to file ...
Writing line #694 to file ...
Writing line #695 to file ...
Writing line #696 to file ...
Writing line #697 to file ...
Writing line #698 to file ...
Writing line #699 to file ...
Writing line #700 to file ...
Writing line #701 to file ...
Writing line #702 to file ...
Writing line #703 to file ...
Writing line #704 to file ...
Writing line #705 to file ...
Writing line #706 to file ...
Writing line #707 to file ...
Writing line #708 to file ...
Writing line #709 to file ...
Writing line #710 to file ...
Writing line #711 to file ...
Writing line #712 to file ...
Writing line #713 to file ...
Writing line #714 to file ...
Writing line #715 to file ...
Writing line #716 to file ...
Writing line #717 to file ...
Writing line #718 to file ...
Writing line #719 to file ...
Writing line #720 to file ...
Writing line #721 to file ...
Writing line #722 to file ...
Writing line #723 to file ...
Writing line #724 to file ...
Writing line #725 to file ...
Writing line #726 to file ...
Writing line #727 to file ...
Writing line #728 to file ...
Writing line #729 to file ...
Writing line #730 to file ...
Writing line #731 to file ...
Writing line #732 to file ...
Writing line #733 to file ...
Writing line #734 to file ...
Writing line #735 to file ...
Writing line #736 to file ...
Writing line #737 to file ...
Writing line #738 to file ...
Writing line #739 to file ...
Writing line #740 to file ...
Writing line #741 to file ...
Writing line #742 to file ...
Writing line #743 to file ...
Writing line #744 to file ...
Writing line #745 to file ...
Writing line #746 to file ...
Writing line #747 to file ...
Writing line #748 to file ...
Writing line #749 to file ...
Writing line #750 to file ...
Writing line #751 to file ...
Writing line #752 to file ...
Writing line #753 to file ...
Writing line #754 to file ...
Writing line #755 to file ...
Writing line #756 to file ...
Writing line #757 to file ...
Writing line #758 to file ...
Writing line #759 to file ...
Writing line #760 to file ...
Writing line #761 to file ...
Writing line #762 to file ...
Writing line #763 to file ...
Writing line #764 to file ...
Writing line #765 to file ...
Writing line #766 to file ...
Writing line #767 to file ...
Writing line #768 to file ...
Writing line #769 to file ...
Writing line #770 to file ...
Writing line #771 to file ...
Writing line #772 to file ...
Writing line #773 to file ...
Writing line #774 to file ...
Writing line #775 to file ...
Writing line #776 to file ...
Writing line #777 to file ...
Writing line #778 to file ...
Writing line #779 to file ...
Writing line #780 to file ...
Writing line #781 to file ...
Writing line #782 to file ...
Writing line #783 to file ...
Writing line #784 to file ...
Writing line #785 to file ...
Writing line #786 to file ...
Writing line #787 to file ...
Writing line #788 to file ...
Writing line #789 to file ...
Writing line #790 to file ...
Writing line #791 to file ...
Writing line #792 to file ...
Writing line #793 to file ...
Writing line #794 to file ...
Writing line #795 to file ...
Writing line #796 to file ...
Writing line #797 to file ...
Writing line #798 to file ...
Writing line #799 to file ...
Writing line #800 to file ...
Writing line #801 to file ...
Writing line #802 to file ...
Writing line #803 to file ...
Writing line #804 to file ...
Writing line #805 to file ...
Writing line #806 to file ...
Writing line #807 to file ...
Writing line #808 to file ...
Writing line #809 to file ...
Writing line #810 to file ...
Writing line #811 to file ...
Writing line #812 to file ...
Writing line #813 to file ...
Writing line #814 to file ...
Writing line #815 to file ...
Writing line #816 to file ...
Writing line #817 to file ...
Writing line #818 to file ...
Writing line #819 to file ...
Writing line #820 to file ...
Writing line #821 to file ...
Writing line #822 to file ...
Writing line #823 to file ...
Writing line #824 to file ...
Writing line #825 to file ...
Writing line #826 to file ...
Writing line #827 to file ...
Writing line #828 to file ...
Writing line #829 to file ...
Writing line #830 to file ...
Writing line #831 to file ...
Writing line #832 to file ...
Writing line #833 to file ...
Writing line #834 to file ...
Writing line #835 to file ...
Writing line #836 to file ...
Writing line #837 to file ...
Writing line #838 to file ...
Writing line #839 to file ...
Writing line #840 to file ...
Writing line #841 to file ...
Writing line #842 to file ...
Writing line #843 to file ...
Writing line #844 to file ...
Writing line #845 to file ...
Writing line #846 to file ...
Writing line #847 to file ...
Writing line #848 to file ...
Writing line #849 to file ...
Writing line #850 to file ...
Writing line #851 to file ...
Writing line #852 to file ...
Writing line #853 to file ...
Writing line #854 to file ...
Writing line #855 to file ...
Writing line #856 to file ...
Writing line #857 to file ...
Writing line #858 to file ...
Writing line #859 to file ...
Writing line #860 to file ...
Writing line #861 to file ...
Writing line #862 to file ...
Writing line #863 to file ...
Writing line #864 to file ...
Writing line #865 to file ...
Writing line #866 to file ...
Writing line #867 to file ...
Writing line #868 to file ...
Writing line #869 to file ...
Writing line #870 to file ...
Writing line #871 to file ...
Writing line #872 to file ...
Writing line #873 to file ...
Writing line #874 to file ...
Writing line #875 to file ...
Writing line #876 to file ...
Writing line #877 to file ...
Writing line #878 to file ...
Writing line #879 to file ...
Writing line #880 to file ...
Writing line #881 to file ...
Writing line #882 to file ...
Writing line #883 to file ...
Writing line #884 to file ...
Writing line #885 to file ...
Writing line #886 to file ...
Writing line #887 to file ...
Writing line #888 to file ...
Writing line #889 to file ...
Writing line #890 to file ...
Writing line #891 to file ...
Writing line #892 to file ...
Writing line #893 to file ...
Writing line #894 to file ...
Writing line #895 to file ...
Writing line #896 to file ...
Writing line #897 to file ...
Writing line #898 to file ...
Writing line #899 to file ...
Writing line #900 to file ...
Writing line #901 to file ...
Writing line #902 to file ...
Writing line #903 to file ...
Writing line #904 to file ...
Writing line #905 to file ...
Writing line #906 to file ...
Writing line #907 to file ...
Writing line #908 to file ...
Writing line #909 to file ...
Writing line #910 to file ...
Writing line #911 to file ...
Writing line #912 to file ...
Writing line #913 to file ...
Writing line #914 to file ...
Writing line #915 to file ...
Writing line #916 to file ...
Writing line #917 to file ...
Writing line #918 to file ...
Writing line #919 to file ...
Writing line #920 to file ...
Writing line #921 to file ...
Writing line #922 to file ...
Writing line #923 to file ...
Writing line #924 to file ...
Writing line #925 to file ...
Writing line #926 to file ...
Writing line #927 to file ...
Writing line #928 to file ...
Writing line #929 to file ...
Writing line #930 to file ...
Writing line #931 to file ...
Writing line #932 to file ...
Writing line #933 to file ...
Writing line #934 to file ...
Writing line #935 to file ...
Writing line #936 to file ...
Writing line #937 to file ...
Writing line #938 to file ...
Writing line #939 to file ...
Writing line #940 to file ...
Writing line #941 to file ...
Writing line #942 to file ...
Writing line #943 to file ...
Writing line #944 to file ...
Writing line #945 to file ...
Writing line #946 to file ...
Writing line #947 to file ...
Writing line #948 to file ...
Writing line #949 to file ...
Writing line #950 to file ...
Writing line #951 to file ...
Writing line #952 to file ...
Writing line #953 to file ...
Writing line #954 to file ...
Writing line #955 to file ...
Writing line #956 to file ...
Writing line #957 to file ...
Writing line #958 to file ...
Writing line #959 to file ...
Writing line #960 to file ...
Writing line #961 to file ...
Writing line #962 to file ...
Writing line #963 to file ...
Writing line #964 to file ...
Writing line #965 to file ...
Writing line #966 to file ...
Writing line #967 to file ...
Writing line #968 to file ...
Writing line #969 to file ...
Writing line #970 to file ...
Writing line #971 to file ...
Writing line #972 to file ...
Writing line #973 to file ...
Writing line #974 to file ...
Writing line #975 to file ...
Writing line #976 to file ...
Writing line #977 to file ...
Writing line #978 to file ...
Writing line #979 to file ...
Writing line #980 to file ...
Writing line #981 to file ...
Writing line #982 to file ...
Writing line #983 to file ...
Writing line #984 to file ...
Writing line #985 to file ...
Writing line #986 to file ...
Writing line #987 to file ...
Writing line #988 to file ...
Writing line #989 to file ...
Writing line #990 to file ...
Writing line #991 to file ...
Writing line #992 to file ...
Writing line #993 to file ...
Writing line #994 to file ...
Writing line #995 to file ...
Writing line #996 to file ...
Writing line #997 to file ...
Writing line #998 to file ...
Writing line #999 to file ...
Writing line #1000 to file ...
Writing line #1001 to file ...
Writing line #1002 to file ...
Writing line #1003 to file ...
Writing line #1004 to file ...
Writing line #1005 to file ...
Writing line #1006 to file ...
Writing line #1007 to file ...
Writing line #1008 to file ...
Writing line #1009 to file ...
Writing line #1010 to file ...
Writing line #1011 to file ...
Writing line #1012 to file ...
Writing line #1013 to file ...
Writing line #1014 to file ...
Writing line #1015 to file ...
Writing line #1016 to file ...
Writing line #1017 to file ...
Writing line #1018 to file ...
Writing line #1019 to file ...
Writing line #1020 to file ...
Writing line #1021 to file ...
Writing line #1022 to file ...
Writing line #1023 to file ...
Writing line #1024 to file ...
Writing line #1025 to file ...
Writing line #1026 to file ...
Writing line #1027 to file ...
Writing line #1028 to file ...
Writing line #1029 to file ...
Writing line #1030 to file ...
Writing line #1031 to file ...
Writing line #1032 to file ...
Writing line #1033 to file ...
Writing line #1034 to file ...
Writing line #1035 to file ...
Writing line #1036 to file ...
Writing line #1037 to file ...
Writing line #1038 to file ...
Writing line #1039 to file ...
Writing line #1040 to file ...
Writing line #1041 to file ...
Writing line #1042 to file ...
Writing line #1043 to file ...
Writing line #1044 to file ...
Writing line #1045 to file ...
Writing line #1046 to file ...
Writing line #1047 to file ...
Writing line #1048 to file ...
Writing line #1049 to file ...
Writing line #1050 to file ...
Writing line #1051 to file ...
Writing line #1052 to file ...
Writing line #1053 to file ...
Writing line #1054 to file ...
Writing line #1055 to file ...
Writing line #1056 to file ...
Writing line #1057 to file ...
Writing line #1058 to file ...
Writing line #1059 to file ...
Writing line #1060 to file ...
Writing line #1061 to file ...
Writing line #1062 to file ...
Writing line #1063 to file ...
Writing line #1064 to file ...
Writing line #1065 to file ...
Writing line #1066 to file ...
Writing line #1067 to file ...
Writing line #1068 to file ...
Writing line #1069 to file ...
Writing line #1070 to file ...
Writing line #1071 to file ...
Writing line #1072 to file ...
Writing line #1073 to file ...
Writing line #1074 to file ...
Writing line #1075 to file ...
Writing line #1076 to file ...
Writing line #1077 to file ...
Writing line #1078 to file ...
Writing line #1079 to file ...
Writing line #1080 to file ...
Writing line #1081 to file ...
Writing line #1082 to file ...
Writing line #1083 to file ...
Writing line #1084 to file ...
Writing line #1085 to file ...
Writing line #1086 to file ...
Writing line #1087 to file ...
Writing line #1088 to file ...
Writing line #1089 to file ...
Writing line #1090 to file ...
Writing line #1091 to file ...
Writing line #1092 to file ...
Writing line #1093 to file ...
Writing line #1094 to file ...
Writing line #1095 to file ...
Writing line #1096 to file ...
Writing line #1097 to file ...
Writing line #1098 to file ...
Writing line #1099 to file ...
Writing line #1100 to file ...
Writing line #1101 to file ...
Writing line #1102 to file ...
Writing line #1103 to file ...
Writing line #1104 to file ...
Writing line #1105 to file ...
Writing line #1106 to file ...
Writing line #1107 to file ...
Writing line #1108 to file ...
Writing line #1109 to file ...
Writing line #1110 to file ...
Writing line #1111 to file ...
Writing line #1112 to file ...
Writing line #1113 to file ...
Writing line #1114 to file ...
Writing line #1115 to file ...
Writing line #1116 to file ...
Writing line #1117 to file ...
Writing line #1118 to file ...
Writing line #1119 to file ...
Writing line #1120 to file ...
Writing line #1121 to file ...
Writing line #1122 to file ...
Writing line #1123 to file ...
Writing line #1124 to file ...
Writing line #1125 to file ...
Writing line #1126 to file ...
Writing line #1127 to file ...
Writing line #1128 to file ...
Writing line #1129 to file ...
Writing line #1130 to file ...
Writing line #1131 to file ...
Writing line #1132 to file ...
Writing line #1133 to file ...
Writing line #1134 to file ...
Writing line #1135 to file ...
Writing line #1136 to file ...
Writing line #1137 to file ...
Writing line #1138 to file ...
Writing line #1139 to file ...
Writing line #1140 to file ...
Writing line #1141 to file ...
Writing line #1142 to file ...
Writing line #1143 to file ...
Writing line #1144 to file ...
Writing line #1145 to file ...
Writing line #1146 to file ...
Writing line #1147 to file ...
Writing line #1148 to file ...
Writing line #1149 to file ...
Writing line #1150 to file ...
Writing line #1151 to file ...
Writing line #1152 to file ...
Writing line #1153 to file ...
Writing line #1154 to file ...
Writing line #1155 to file ...
Writing line #1156 to file ...
Writing line #1157 to file ...
Writing line #1158 to file ...
Writing line #1159 to file ...
Writing line #1160 to file ...
Writing line #1161 to file ...
Writing line #1162 to file ...
Writing line #1163 to file ...
Writing line #1164 to file ...
Writing line #1165 to file ...
Writing line #1166 to file ...
Writing line #1167 to file ...
Writing line #1168 to file ...
Writing line #1169 to file ...
Writing line #1170 to file ...
Writing line #1171 to file ...
Writing line #1172 to file ...
Writing line #1173 to file ...
Writing line #1174 to file ...
Writing line #1175 to file ...
Writing line #1176 to file ...
Writing line #1177 to file ...
Writing line #1178 to file ...
Writing line #1179 to file ...
Writing line #1180 to file ...
Writing line #1181 to file ...
Writing line #1182 to file ...
Writing line #1183 to file ...
Writing line #1184 to file ...
Writing line #1185 to file ...
Writing line #1186 to file ...
Writing line #1187 to file ...
Writing line #1188 to file ...
Writing line #1189 to file ...
Writing line #1190 to file ...
Writing line #1191 to file ...
Writing line #1192 to file ...
Writing line #1193 to file ...
Writing line #1194 to file ...
Writing line #1195 to file ...
Writing line #1196 to file ...
Writing line #1197 to file ...
Writing line #1198 to file ...
Writing line #1199 to file ...
Writing line #1200 to file ...
Writing line #1201 to file ...
Writing line #1202 to file ...
Writing line #1203 to file ...
Writing line #1204 to file ...
Writing line #1205 to file ...
Writing line #1206 to file ...
Writing line #1207 to file ...
Writing line #1208 to file ...
Writing line #1209 to file ...
Writing line #1210 to file ...
Writing line #1211 to file ...
Writing line #1212 to file ...
Writing line #1213 to file ...
Writing line #1214 to file ...
Writing line #1215 to file ...
Writing line #1216 to file ...
Writing line #1217 to file ...
Writing line #1218 to file ...
Writing line #1219 to file ...
Writing line #1220 to file ...
Writing line #1221 to file ...
Writing line #1222 to file ...
Writing line #1223 to file ...
Writing line #1224 to file ...
Writing line #1225 to file ...
Writing line #1226 to file ...
Writing line #1227 to file ...
Writing line #1228 to file ...
Writing line #1229 to file ...
Writing line #1230 to file ...
Writing line #1231 to file ...
Writing line #1232 to file ...
Writing line #1233 to file ...
Writing line #1234 to file ...
Writing line #1235 to file ...
Writing line #1236 to file ...
Writing line #1237 to file ...
Writing line #1238 to file ...
Writing line #1239 to file ...
Writing line #1240 to file ...
Writing line #1241 to file ...
Writing line #1242 to file ...
Writing line #1243 to file ...
Writing line #1244 to file ...
Writing line #1245 to file ...
Writing line #1246 to file ...
Writing line #1247 to file ...
Writing line #1248 to file ...
Writing line #1249 to file ...
Writing line #1250 to file ...
Writing line #1251 to file ...
Writing line #1252 to file ...
Writing line #1253 to file ...
Writing line #1254 to file ...
Writing line #1255 to file ...
Writing line #1256 to file ...
Writing line #1257 to file ...
Writing line #1258 to file ...
Writing line #1259 to file ...
Writing line #1260 to file ...
Writing line #1261 to file ...
Writing line #1262 to file ...
Writing line #1263 to file ...
Writing line #1264 to file ...
Writing line #1265 to file ...
Writing line #1266 to file ...
Writing line #1267 to file ...
Writing line #1268 to file ...
Writing line #1269 to file ...
Writing line #1270 to file ...
Writing line #1271 to file ...
Writing line #1272 to file ...
Writing line #1273 to file ...
Writing line #1274 to file ...
Writing line #1275 to file ...
Writing line #1276 to file ...
Writing line #1277 to file ...
Writing line #1278 to file ...
Writing line #1279 to file ...
Writing line #1280 to file ...
Writing line #1281 to file ...
Writing line #1282 to file ...
Writing line #1283 to file ...
Writing line #1284 to file ...
Writing line #1285 to file ...
Writing line #1286 to file ...
Writing line #1287 to file ...
Writing line #1288 to file ...
Writing line #1289 to file ...
Writing line #1290 to file ...
Writing line #1291 to file ...
Writing line #1292 to file ...
Writing line #1293 to file ...
Writing line #1294 to file ...
Writing line #1295 to file ...
Writing line #1296 to file ...
Writing line #1297 to file ...
Writing line #1298 to file ...
Writing line #1299 to file ...
Writing line #1300 to file ...
Writing line #1301 to file ...
Writing line #1302 to file ...
Writing line #1303 to file ...
Writing line #1304 to file ...
Writing line #1305 to file ...
Writing line #1306 to file ...
Writing line #1307 to file ...
Writing line #1308 to file ...
Writing line #1309 to file ...
Writing line #1310 to file ...
Writing line #1311 to file ...
Writing line #1312 to file ...
Writing line #1313 to file ...
Writing line #1314 to file ...
Writing line #1315 to file ...
Writing line #1316 to file ...
Writing line #1317 to file ...
Writing line #1318 to file ...
Writing line #1319 to file ...
Writing line #1320 to file ...
Writing line #1321 to file ...
Writing line #1322 to file ...
Writing line #1323 to file ...
Writing line #1324 to file ...
Writing line #1325 to file ...
Writing line #1326 to file ...
Writing line #1327 to file ...
Writing line #1328 to file ...
Writing line #1329 to file ...
Writing line #1330 to file ...
Writing line #1331 to file ...
Writing line #1332 to file ...
Writing line #1333 to file ...
Writing line #1334 to file ...
Writing line #1335 to file ...
Writing line #1336 to file ...
Writing line #1337 to file ...
Writing line #1338 to file ...
Writing line #1339 to file ...
Writing line #1340 to file ...
Writing line #1341 to file ...
Writing line #1342 to file ...
Writing line #1343 to file ...
Writing line #1344 to file ...
Writing line #1345 to file ...
Writing line #1346 to file ...
Writing line #1347 to file ...
Writing line #1348 to file ...
Writing line #1349 to file ...
Writing line #1350 to file ...
Writing line #1351 to file ...
Writing line #1352 to file ...
Writing line #1353 to file ...
Writing line #1354 to file ...
Writing line #1355 to file ...
Writing line #1356 to file ...
Writing line #1357 to file ...
Writing line #1358 to file ...
Writing line #1359 to file ...
Writing line #1360 to file ...
Writing line #1361 to file ...
Writing line #1362 to file ...
Writing line #1363 to file ...
Writing line #1364 to file ...
Writing line #1365 to file ...
Writing line #1366 to file ...
Writing line #1367 to file ...
Writing line #1368 to file ...
Writing line #1369 to file ...
Writing line #1370 to file ...
Writing line #1371 to file ...
Writing line #1372 to file ...
Writing line #1373 to file ...
Writing line #1374 to file ...
Writing line #1375 to file ...
Writing line #1376 to file ...
Writing line #1377 to file ...
Writing line #1378 to file ...
Writing line #1379 to file ...
Writing line #1380 to file ...
Writing line #1381 to file ...
Writing line #1382 to file ...
Writing line #1383 to file ...
Writing line #1384 to file ...
Writing line #1385 to file ...
Writing line #1386 to file ...
Writing line #1387 to file ...
Writing line #1388 to file ...
Writing line #1389 to file ...
Writing line #1390 to file ...
Writing line #1391 to file ...
Writing line #1392 to file ...
Writing line #1393 to file ...
Writing line #1394 to file ...
Writing line #1395 to file ...
Writing line #1396 to file ...
Writing line #1397 to file ...
Writing line #1398 to file ...
Writing line #1399 to file ...
Writing line #1400 to file ...
Writing line #1401 to file ...
Writing line #1402 to file ...
Writing line #1403 to file ...
Writing line #1404 to file ...
Writing line #1405 to file ...
Writing line #1406 to file ...
Writing line #1407 to file ...
Writing line #1408 to file ...
Writing line #1409 to file ...
Writing line #1410 to file ...
Writing line #1411 to file ...
Writing line #1412 to file ...
Writing line #1413 to file ...
Writing line #1414 to file ...
Writing line #1415 to file ...
Writing line #1416 to file ...
Writing line #1417 to file ...
Writing line #1418 to file ...
Writing line #1419 to file ...
Writing line #1420 to file ...
Writing line #1421 to file ...
Writing line #1422 to file ...
Writing line #1423 to file ...
Writing line #1424 to file ...
Writing line #1425 to file ...
Writing line #1426 to file ...
Writing line #1427 to file ...
Writing line #1428 to file ...
Writing line #1429 to file ...
Writing line #1430 to file ...
Writing line #1431 to file ...
Writing line #1432 to file ...
Writing line #1433 to file ...
Writing line #1434 to file ...
Writing line #1435 to file ...
Writing line #1436 to file ...
Writing line #1437 to file ...
Writing line #1438 to file ...
Writing line #1439 to file ...
Writing line #1440 to file ...
Writing line #1441 to file ...
Writing line #1442 to file ...
Writing line #1443 to file ...
Writing line #1444 to file ...
Writing line #1445 to file ...
Writing line #1446 to file ...
Writing line #1447 to file ...
Writing line #1448 to file ...
Writing line #1449 to file ...
Writing line #1450 to file ...
Writing line #1451 to file ...
Writing line #1452 to file ...
Writing line #1453 to file ...
Writing line #1454 to file ...
Writing line #1455 to file ...
Writing line #1456 to file ...
Writing line #1457 to file ...
Writing line #1458 to file ...
Writing line #1459 to file ...
Writing line #1460 to file ...
Writing line #1461 to file ...
Writing line #1462 to file ...
Writing line #1463 to file ...
Writing line #1464 to file ...
Writing line #1465 to file ...
Writing line #1466 to file ...
Writing line #1467 to file ...
Writing line #1468 to file ...
Writing line #1469 to file ...
Writing line #1470 to file ...
Writing line #1471 to file ...
Writing line #1472 to file ...
Writing line #1473 to file ...
Writing line #1474 to file ...
Writing line #1475 to file ...
Writing line #1476 to file ...
Writing line #1477 to file ...
Writing line #1478 to file ...
Writing line #1479 to file ...
Writing line #1480 to file ...
Writing line #1481 to file ...
Writing line #1482 to file ...
Writing line #1483 to file ...
Writing line #1484 to file ...
Writing line #1485 to file ...
Writing line #1486 to file ...
Writing line #1487 to file ...
Writing line #1488 to file ...
Writing line #1489 to file ...
Writing line #1490 to file ...
Writing line #1491 to file ...
Writing line #1492 to file ...
Writing line #1493 to file ...
Writing line #1494 to file ...
Writing line #1495 to file ...
Writing line #1496 to file ...
Writing line #1497 to file ...
Writing line #1498 to file ...
Writing line #1499 to file ...
Writing line #1500 to file ...
Writing line #1501 to file ...
Writing line #1502 to file ...
Writing line #1503 to file ...
Writing line #1504 to file ...
Writing line #1505 to file ...
Writing line #1506 to file ...
Writing line #1507 to file ...
Writing line #1508 to file ...
Writing line #1509 to file ...
Writing line #1510 to file ...
Writing line #1511 to file ...
Writing line #1512 to file ...
Writing line #1513 to file ...
Writing line #1514 to file ...
Writing line #1515 to file ...
Writing line #1516 to file ...
Writing line #1517 to file ...
Writing line #1518 to file ...
Writing line #1519 to file ...
Writing line #1520 to file ...
Writing line #1521 to file ...
Writing line #1522 to file ...
Writing line #1523 to file ...
Writing line #1524 to file ...
Writing line #1525 to file ...
Writing line #1526 to file ...
Writing line #1527 to file ...
Writing line #1528 to file ...
Writing line #1529 to file ...
Writing line #1530 to file ...
Writing line #1531 to file ...
Writing line #1532 to file ...
Writing line #1533 to file ...
Writing line #1534 to file ...
Writing line #1535 to file ...
Writing line #1536 to file ...
Writing line #1537 to file ...
Writing line #1538 to file ...
Writing line #1539 to file ...
Writing line #1540 to file ...
Writing line #1541 to file ...
Writing line #1542 to file ...
Writing line #1543 to file ...
Writing line #1544 to file ...
Writing line #1545 to file ...
Writing line #1546 to file ...
Writing line #1547 to file ...
Writing line #1548 to file ...
Writing line #1549 to file ...
Writing line #1550 to file ...
Writing line #1551 to file ...
Writing line #1552 to file ...
Writing line #1553 to file ...
Writing line #1554 to file ...
Writing line #1555 to file ...
Writing line #1556 to file ...
Writing line #1557 to file ...
Writing line #1558 to file ...
Writing line #1559 to file ...
Writing line #1560 to file ...
Writing line #1561 to file ...
Writing line #1562 to file ...
Writing line #1563 to file ...
Writing line #1564 to file ...
Writing line #1565 to file ...
Writing line #1566 to file ...
Writing line #1567 to file ...
Writing line #1568 to file ...
Writing line #1569 to file ...
Writing line #1570 to file ...
Writing line #1571 to file ...
Writing line #1572 to file ...
Writing line #1573 to file ...
Writing line #1574 to file ...
Writing line #1575 to file ...
Writing line #1576 to file ...
Writing line #1577 to file ...
Writing line #1578 to file ...
Writing line #1579 to file ...
Writing line #1580 to file ...
Writing line #1581 to file ...
Writing line #1582 to file ...
Writing line #1583 to file ...
Writing line #1584 to file ...
Writing line #1585 to file ...
Writing line #1586 to file ...
Writing line #1587 to file ...
Writing line #1588 to file ...
Writing line #1589 to file ...
Writing line #1590 to file ...
Writing line #1591 to file ...
Writing line #1592 to file ...
Writing line #1593 to file ...
Writing line #1594 to file ...
Writing line #1595 to file ...
Writing line #1596 to file ...
Writing line #1597 to file ...
Writing line #1598 to file ...
Writing line #1599 to file ...
Writing line #1600 to file ...
Writing line #1601 to file ...
Writing line #1602 to file ...
Writing line #1603 to file ...
Writing line #1604 to file ...
Writing line #1605 to file ...
Writing line #1606 to file ...
Writing line #1607 to file ...
Writing line #1608 to file ...
Writing line #1609 to file ...
Writing line #1610 to file ...
Writing line #1611 to file ...
Writing line #1612 to file ...
Writing line #1613 to file ...
Writing line #1614 to file ...
Writing line #1615 to file ...
Writing line #1616 to file ...
Writing line #1617 to file ...
Writing line #1618 to file ...
Writing line #1619 to file ...
Writing line #1620 to file ...
Writing line #1621 to file ...
Writing line #1622 to file ...
Writing line #1623 to file ...
Writing line #1624 to file ...
Writing line #1625 to file ...
Writing line #1626 to file ...
Writing line #1627 to file ...
Writing line #1628 to file ...
Writing line #1629 to file ...
Writing line #1630 to file ...
Writing line #1631 to file ...
Writing line #1632 to file ...
Writing line #1633 to file ...
Writing line #1634 to file ...
Writing line #1635 to file ...
Writing line #1636 to file ...
Writing line #1637 to file ...
Writing line #1638 to file ...
Writing line #1639 to file ...
Writing line #1640 to file ...
Writing line #1641 to file ...
Writing line #1642 to file ...
Writing line #1643 to file ...
Writing line #1644 to file ...
Writing line #1645 to file ...
Writing line #1646 to file ...
Writing line #1647 to file ...
Writing line #1648 to file ...
Writing line #1649 to file ...
Writing line #1650 to file ...
Writing line #1651 to file ...
Writing line #1652 to file ...
Writing line #1653 to file ...
Writing line #1654 to file ...
Writing line #1655 to file ...
Writing line #1656 to file ...
Writing line #1657 to file ...
Writing line #1658 to file ...
Writing line #1659 to file ...
Writing line #1660 to file ...
Writing line #1661 to file ...
Writing line #1662 to file ...
Writing line #1663 to file ...
Writing line #1664 to file ...
Writing line #1665 to file ...
Writing line #1666 to file ...
Writing line #1667 to file ...
Writing line #1668 to file ...
Writing line #1669 to file ...
Writing line #1670 to file ...
Writing line #1671 to file ...
Writing line #1672 to file ...
Writing line #1673 to file ...
Writing line #1674 to file ...
Writing line #1675 to file ...
Writing line #1676 to file ...
Writing line #1677 to file ...
Writing line #1678 to file ...
Writing line #1679 to file ...
Writing line #1680 to file ...
Writing line #1681 to file ...
Writing line #1682 to file ...
Writing line #1683 to file ...
Writing line #1684 to file ...
Writing line #1685 to file ...
Writing line #1686 to file ...
Writing line #1687 to file ...
Writing line #1688 to file ...
Writing line #1689 to file ...
Writing line #1690 to file ...
Writing line #1691 to file ...
Writing line #1692 to file ...
Writing line #1693 to file ...
Writing line #1694 to file ...
Writing line #1695 to file ...
Writing line #1696 to file ...
Writing line #1697 to file ...
Writing line #1698 to file ...
Writing line #1699 to file ...
Writing line #1700 to file ...
Writing line #1701 to file ...
Writing line #1702 to file ...
Writing line #1703 to file ...
Writing line #1704 to file ...
Writing line #1705 to file ...
Writing line #1706 to file ...
Writing line #1707 to file ...
Writing line #1708 to file ...
Writing line #1709 to file ...
Writing line #1710 to file ...
Writing line #1711 to file ...
Writing line #1712 to file ...
Writing line #1713 to file ...
Writing line #1714 to file ...
Writing line #1715 to file ...
Writing line #1716 to file ...
Writing line #1717 to file ...
Writing line #1718 to file ...
Writing line #1719 to file ...
Writing line #1720 to file ...
Writing line #1721 to file ...
Writing line #1722 to file ...
Writing line #1723 to file ...
Writing line #1724 to file ...
Writing line #1725 to file ...
Writing line #1726 to file ...
Writing line #1727 to file ...
Writing line #1728 to file ...
Writing line #1729 to file ...
Writing line #1730 to file ...
Writing line #1731 to file ...
Writing line #1732 to file ...
Writing line #1733 to file ...
Writing line #1734 to file ...
Writing line #1735 to file ...
Writing line #1736 to file ...
Writing line #1737 to file ...
Writing line #1738 to file ...
Writing line #1739 to file ...
Writing line #1740 to file ...
Writing line #1741 to file ...
Writing line #1742 to file ...
Writing line #1743 to file ...
Writing line #1744 to file ...
Writing line #1745 to file ...
Writing line #1746 to file ...
Writing line #1747 to file ...
Writing line #1748 to file ...
Writing line #1749 to file ...
Writing line #1750 to file ...
Writing line #1751 to file ...
Writing line #1752 to file ...
Writing line #1753 to file ...
Writing line #1754 to file ...
Writing line #1755 to file ...
Writing line #1756 to file ...
Writing line #1757 to file ...
Writing line #1758 to file ...
Writing line #1759 to file ...
Writing line #1760 to file ...
Writing line #1761 to file ...
Writing line #1762 to file ...
Writing line #1763 to file ...
Writing line #1764 to file ...
Writing line #1765 to file ...
Writing line #1766 to file ...
Writing line #1767 to file ...
Writing line #1768 to file ...
Writing line #1769 to file ...
Writing line #1770 to file ...
Writing line #1771 to file ...
Writing line #1772 to file ...
Writing line #1773 to file ...
Writing line #1774 to file ...
Writing line #1775 to file ...
Writing line #1776 to file ...
Writing line #1777 to file ...
Writing line #1778 to file ...
Writing line #1779 to file ...
Writing line #1780 to file ...
Writing line #1781 to file ...
Writing line #1782 to file ...
Writing line #1783 to file ...
Writing line #1784 to file ...
Writing line #1785 to file ...
Writing line #1786 to file ...
Writing line #1787 to file ...
Writing line #1788 to file ...
Writing line #1789 to file ...
Writing line #1790 to file ...
Writing line #1791 to file ...
Writing line #1792 to file ...
Writing line #1793 to file ...
Writing line #1794 to file ...
Writing line #1795 to file ...
Writing line #1796 to file ...
Writing line #1797 to file ...
Writing line #1798 to file ...
Writing line #1799 to file ...
Writing line #1800 to file ...
Writing line #1801 to file ...
Writing line #1802 to file ...
Writing line #1803 to file ...
Writing line #1804 to file ...
Writing line #1805 to file ...
Writing line #1806 to file ...
Writing line #1807 to file ...
Writing line #1808 to file ...
Writing line #1809 to file ...
Writing line #1810 to file ...
Writing line #1811 to file ...
Writing line #1812 to file ...
Writing line #1813 to file ...
Writing line #1814 to file ...
Writing line #1815 to file ...
Writing line #1816 to file ...
Writing line #1817 to file ...
Writing line #1818 to file ...
Writing line #1819 to file ...
Writing line #1820 to file ...
Writing line #1821 to file ...
Writing line #1822 to file ...
Writing line #1823 to file ...
Writing line #1824 to file ...
Writing line #1825 to file ...
Writing line #1826 to file ...
Writing line #1827 to file ...
Writing line #1828 to file ...
Writing line #1829 to file ...
Writing line #1830 to file ...
Writing line #1831 to file ...
Writing line #1832 to file ...
Writing line #1833 to file ...
Writing line #1834 to file ...
Writing line #1835 to file ...
Writing line #1836 to file ...
Writing line #1837 to file ...
Writing line #1838 to file ...
Writing line #1839 to file ...
Writing line #1840 to file ...
Writing line #1841 to file ...
Writing line #1842 to file ...
Writing line #1843 to file ...
Writing line #1844 to file ...
Writing line #1845 to file ...
Writing line #1846 to file ...
Writing line #1847 to file ...
Writing line #1848 to file ...
Writing line #1849 to file ...
Writing line #1850 to file ...
Writing line #1851 to file ...
Writing line #1852 to file ...
Writing line #1853 to file ...
Writing line #1854 to file ...
Writing line #1855 to file ...
Writing line #1856 to file ...
Writing line #1857 to file ...
Writing line #1858 to file ...
Writing line #1859 to file ...
Writing line #1860 to file ...
Writing line #1861 to file ...
Writing line #1862 to file ...
Writing line #1863 to file ...
Writing line #1864 to file ...
Writing line #1865 to file ...
Writing line #1866 to file ...
Writing line #1867 to file ...
Writing line #1868 to file ...
Writing line #1869 to file ...
Writing line #1870 to file ...
Writing line #1871 to file ...
Writing line #1872 to file ...
Writing line #1873 to file ...
Writing line #1874 to file ...
Writing line #1875 to file ...
Writing line #1876 to file ...
Writing line #1877 to file ...
Writing line #1878 to file ...
Writing line #1879 to file ...
Writing line #1880 to file ...
Writing line #1881 to file ...
Writing line #1882 to file ...
Writing line #1883 to file ...
Writing line #1884 to file ...
Writing line #1885 to file ...
Writing line #1886 to file ...
Writing line #1887 to file ...
Writing line #1888 to file ...
Writing line #1889 to file ...
Writing line #1890 to file ...
Writing line #1891 to file ...
Writing line #1892 to file ...
Writing line #1893 to file ...
Writing line #1894 to file ...
Writing line #1895 to file ...
Writing line #1896 to file ...
Writing line #1897 to file ...
Writing line #1898 to file ...
Writing line #1899 to file ...
Writing line #1900 to file ...
Writing line #1901 to file ...
Writing line #1902 to file ...
Writing line #1903 to file ...
Writing line #1904 to file ...
Writing line #1905 to file ...
Writing line #1906 to file ...
Writing line #1907 to file ...
Writing line #1908 to file ...
Writing line #1909 to file ...
Writing line #1910 to file ...
Writing line #1911 to file ...
Writing line #1912 to file ...
Writing line #1913 to file ...
Writing line #1914 to file ...
Writing line #1915 to file ...
